<?xml version="1.0" encoding="UTF-8"?>
<!-- Generated by org.testng.reporters.JUnitReportReporter -->
<testsuite hostname="hoyupops-MacBook-Pro.local" failures="0" tests="1" name="tests.DemoTest" time="3.636" errors="0" timestamp="2025-07-29T18:10:26 IST" skipped="0">
  <testcase classname="tests.DemoTest" name="verifyLaunch" time="3.636"/>
</testsuite> <!-- tests.DemoTest -->
