<?xml version="1.0" encoding="UTF-8"?>
<!-- Generated by org.testng.reporters.JUnitReportReporter -->
<testsuite hostname="hoyupops-MacBook-Pro.local" failures="0" tests="4" name="ui.tests.ForgotLogin" time="21.266" errors="0" timestamp="2025-08-01T12:28:56 IST" skipped="0">
  <testcase classname="ui.tests.ForgotLogin" name="validForgotLoginInfoTest_TC005" time="5.776"/>
  <testcase classname="ui.tests.ForgotLogin" name="missingFieldsForgotLoginInfoTest_TC006" time="5.151"/>
  <testcase classname="ui.tests.ForgotLogin" name="incorrectSSNForgotLoginInfoTest_TC007" time="5.410"/>
  <testcase classname="ui.tests.ForgotLogin" name="navigationToForgotLoginInfo_TC008" time="4.929"/>
</testsuite> <!-- ui.tests.ForgotLogin -->
