<?xml version="1.0" encoding="UTF-8"?>
<!-- Generated by org.testng.reporters.JUnitReportReporter -->
<testsuite hostname="hoyupops-MacBook-Pro.local" failures="0" tests="4" name="tests.ForgotLogin" time="15.825" errors="0" timestamp="2025-07-29T18:10:26 IST" skipped="0">
  <testcase classname="tests.ForgotLogin" name="validForgotLoginInfoTest_TC005" time="2.466"/>
  <testcase classname="tests.ForgotLogin" name="missingFieldsForgotLoginInfoTest_TC006" time="2.360"/>
  <testcase classname="tests.ForgotLogin" name="incorrectSSNForgotLoginInfoTest_TC007" time="5.391"/>
  <testcase classname="tests.ForgotLogin" name="navigationToForgotLoginInfo_TC008" time="5.608"/>
</testsuite> <!-- tests.ForgotLogin -->
