<?xml version="1.0" encoding="UTF-8"?>
<!-- Generated by org.testng.reporters.JUnitReportReporter -->
<testsuite hostname="hoyupops-MacBook-Pro.local" failures="0" tests="1" name="api.tests.AccountsTest" time="0.768" errors="0" timestamp="2025-08-01T12:28:56 IST" skipped="0">
  <testcase classname="api.tests.AccountsTest" name="getAccountsShouldReturnList" time="0.768"/>
</testsuite> <!-- api.tests.AccountsTest -->
