<?xml version="1.0" encoding="UTF-8"?>
<!-- Generated by org.testng.reporters.JUnitReportReporter -->
<testsuite hostname="hoyupops-MacBook-Pro.local" failures="0" tests="1" name="ui.tests.DemoTest" time="4.114" errors="0" timestamp="2025-08-01T12:28:56 IST" skipped="0">
  <testcase classname="ui.tests.DemoTest" name="verifyLaunch" time="4.114"/>
</testsuite> <!-- ui.tests.DemoTest -->
