<?xml version="1.0" encoding="UTF-8"?>
<!-- Generated by org.testng.reporters.JUnitReportReporter -->
<testsuite hostname="hoyupops-MacBook-Pro.local" failures="0" tests="2" name="tests.FooterLinkTest" time="7.678" errors="0" timestamp="2025-07-29T18:10:26 IST" skipped="0">
  <testcase classname="tests.FooterLinkTest" name="openAboutUsLinkInNewTab_TC009" time="3.894"/>
  <testcase classname="tests.FooterLinkTest" name="openServicesLinkInNewTab_TC010" time="3.784"/>
</testsuite> <!-- tests.FooterLinkTest -->
