<?xml version="1.0" encoding="UTF-8"?>
<!-- Generated by org.testng.reporters.JUnitReportReporter -->
<testsuite hostname="hoyupops-MacBook-Pro.local" failures="0" tests="1" name="api.tests.LoginTest" time="2.035" errors="0" timestamp="2025-08-01T11:11:39 IST" skipped="0">
  <testcase classname="api.tests.LoginTest" name="loginShouldReturnSuccess" time="2.035"/>
</testsuite> <!-- api.tests.LoginTest -->
