<?xml version="1.0" encoding="UTF-8"?>
<!-- Generated by org.testng.reporters.JUnitReportReporter -->
<testsuite hostname="hoyupops-MacBook-Pro.local" failures="0" tests="1" name="tests.RequestLoanTest" time="7.082" errors="0" timestamp="2025-07-29T16:15:48 IST" skipped="0">
  <testcase classname="tests.RequestLoanTest" name="TC031_submitLoanWithHighDownPayment" time="7.082"/>
</testsuite> <!-- tests.RequestLoanTest -->
