<?xml version="1.0" encoding="UTF-8"?>
<!-- Generated by org.testng.reporters.JUnitReportReporter -->
<testsuite hostname="hoyupops-MacBook-Pro.local" failures="0" tests="4" name="tests.LoginTest" time="21.049" errors="0" timestamp="2025-07-29T18:10:26 IST" skipped="0">
  <testcase classname="tests.LoginTest" name="validLoginTest" time="5.258"/>
  <testcase classname="tests.LoginTest" name="InvalidLoginTest" time="7.819"/>
  <testcase classname="tests.LoginTest" name="invalidPasswordTest" time="6.107"/>
  <testcase classname="tests.LoginTest" name="blankCredentialsTest" time="1.865"/>
</testsuite> <!-- tests.LoginTest -->
