<?xml version="1.0" encoding="UTF-8"?>
<!-- Generated by org.testng.reporters.JUnitReportReporter -->
<testsuite hostname="hoyupops-MacBook-Pro.local" failures="0" tests="2" name="ui.tests.FooterLinkTest" time="19.053" errors="0" timestamp="2025-08-01T12:28:56 IST" skipped="0">
  <testcase classname="ui.tests.FooterLinkTest" name="openServicesLinkInNewTab_TC010" time="6.072"/>
  <testcase classname="ui.tests.FooterLinkTest" name="openAboutUsLinkInNewTab_TC009" time="12.981"/>
</testsuite> <!-- ui.tests.FooterLinkTest -->
