<?xml version="1.0" encoding="UTF-8"?>
<!-- Generated by org.testng.reporters.JUnitReportReporter -->
<testsuite hostname="hoyupops-MacBook-Pro.local" failures="0" tests="3" name="tests.BillPayTest" time="16.269" errors="0" timestamp="2025-07-29T18:10:26 IST" skipped="0">
  <testcase classname="tests.BillPayTest" name="TC026_verifyBillPayPageLoads" time="5.295"/>
  <testcase classname="tests.BillPayTest" name="TC027_submitValidBillPayment" time="5.640"/>
  <testcase classname="tests.BillPayTest" name="TC028_submitWithMismatchedAccountNumbers" time="5.334"/>
</testsuite> <!-- tests.BillPayTest -->
