<?xml version="1.0" encoding="UTF-8"?>
<!-- Generated by org.testng.reporters.JUnitReportReporter -->
<testsuite hostname="hoyupops-MacBook-Pro.local" failures="0" tests="1" name="api.tests.TransferFundsTest" time="1.356" errors="0" timestamp="2025-08-01T11:12:58 IST" skipped="0">
  <testcase classname="api.tests.TransferFundsTest" name="transferShouldReturnSuccess" time="1.356"/>
</testsuite> <!-- api.tests.TransferFundsTest -->
