<?xml version="1.0" encoding="UTF-8"?>
<!-- Generated by org.testng.reporters.JUnitReportReporter -->
<testsuite hostname="hoyupops-MacBook-Pro.local" failures="0" tests="3" name="ui.tests.CustomeCareTest" time="20.252" errors="0" timestamp="2025-08-01T12:28:56 IST" skipped="0">
  <testcase classname="ui.tests.CustomeCareTest" name="TC018_verifyCustomerCareNavigation" time="4.797"/>
  <testcase classname="ui.tests.CustomeCareTest" name="TC019_submitValidCustomerCareForm" time="6.054"/>
  <testcase classname="ui.tests.CustomeCareTest" name="TC020_submitWithoutMandatoryFields" time="9.401"/>
</testsuite> <!-- ui.tests.CustomeCareTest -->
