<?xml version="1.0" encoding="UTF-8"?>
<!-- Generated by org.testng.reporters.JUnitReportReporter -->
<testsuite hostname="hoyupops-MacBook-Pro.local" failures="0" tests="3" name="tests.CustomeCareTest" time="23.384" errors="0" timestamp="2025-07-29T18:10:26 IST" skipped="0">
  <testcase classname="tests.CustomeCareTest" name="TC018_verifyCustomerCareNavigation" time="4.057"/>
  <testcase classname="tests.CustomeCareTest" name="TC019_submitValidCustomerCareForm" time="8.958"/>
  <testcase classname="tests.CustomeCareTest" name="TC020_submitWithoutMandatoryFields" time="10.369"/>
</testsuite> <!-- tests.CustomeCareTest -->
