<?xml version="1.0" encoding="UTF-8"?>
<!-- Generated by org.testng.reporters.JUnitReportReporter -->
<testsuite hostname="hoyupops-MacBook-Pro.local" failures="0" tests="2" name="tests.AccountOverviewTest" time="15.428" errors="0" timestamp="2025-07-29T18:10:26 IST" skipped="0">
  <testcase classname="tests.AccountOverviewTest" name="TC021_viewAccountsOverviewSuccessfully" time="8.104"/>
  <testcase classname="tests.AccountOverviewTest" name="TC022_verifyAccountNumbersDisplayed" time="7.324"/>
</testsuite> <!-- tests.AccountOverviewTest -->
